<?xml version="1.0" encoding="UTF-8"?>
<coverage generated="1727256961949" clover="3.2.0">
  <project timestamp="1727256961949" name="All files">
    <metrics statements="21" coveredstatements="20" conditionals="14" coveredconditionals="13" methods="4" coveredmethods="4" elements="39" coveredelements="37" complexity="0" loc="21" ncloc="21" packages="1" files="2" classes="2"/>
    <file name="compareFiles.js" path="/Users/red-edit/Developer/frontend-project-46/src/compareFiles.js">
      <metrics statements="15" coveredstatements="15" conditionals="8" coveredconditionals="8" methods="3" coveredmethods="3"/>
      <line num="2" count="3" type="stmt"/>
      <line num="4" count="3" type="stmt"/>
      <line num="5" count="3" type="stmt"/>
      <line num="6" count="15" type="cond" truecount="2" falsecount="0"/>
      <line num="7" count="9" type="stmt"/>
      <line num="11" count="3" type="stmt"/>
      <line num="13" count="3" type="stmt"/>
      <line num="14" count="9" type="cond" truecount="2" falsecount="0"/>
      <line num="15" count="1" type="stmt"/>
      <line num="17" count="8" type="cond" truecount="2" falsecount="0"/>
      <line num="18" count="2" type="stmt"/>
      <line num="20" count="6" type="cond" truecount="2" falsecount="0"/>
      <line num="21" count="2" type="stmt"/>
      <line num="23" count="4" type="stmt"/>
      <line num="26" count="3" type="stmt"/>
    </file>
    <file name="parse.js" path="/Users/red-edit/Developer/frontend-project-46/src/parse.js">
      <metrics statements="6" coveredstatements="5" conditionals="6" coveredconditionals="5" methods="1" coveredmethods="1"/>
      <line num="4" count="2" type="stmt"/>
      <line num="6" count="2" type="cond" truecount="2" falsecount="0"/>
      <line num="7" count="1" type="stmt"/>
      <line num="8" count="1" type="cond" truecount="3" falsecount="1"/>
      <line num="9" count="1" type="stmt"/>
      <line num="12" count="0" type="stmt"/>
    </file>
  </project>
</coverage>
