<?xml version="1.0" encoding="UTF-8"?>
<coverage generated="1726571626703" clover="3.2.0">
  <project timestamp="1726571626703" name="All files">
    <metrics statements="5" coveredstatements="5" conditionals="6" coveredconditionals="5" methods="1" coveredmethods="1" elements="12" coveredelements="11" complexity="0" loc="5" ncloc="5" packages="1" files="1" classes="1"/>
    <file name="parser.js" path="/Users/red-edit/Developer/frontend-project-46/src/parser.js">
      <metrics statements="5" coveredstatements="5" conditionals="6" coveredconditionals="5" methods="1" coveredmethods="1"/>
      <line num="4" count="2" type="stmt"/>
      <line num="6" count="2" type="cond" truecount="2" falsecount="0"/>
      <line num="7" count="1" type="stmt"/>
      <line num="8" count="1" type="cond" truecount="3" falsecount="1"/>
      <line num="9" count="1" type="stmt"/>
    </file>
  </project>
</coverage>
