{"/Users/red-edit/Developer/frontend-project-46/src/compareFiles.js": {"path":"/Users/red-edit/Developer/frontend-project-46/src/compareFiles.js","statementMap":{"0":{"start":{"line":3,"column":13},"end":{"line":3,"column":56}},"1":{"start":{"line":5,"column":19},"end":{"line":5,"column":21}},"2":{"start":{"line":6,"column":0},"end":{"line":10,"column":1}},"3":{"start":{"line":7,"column":2},"end":{"line":9,"column":3}},"4":{"start":{"line":8,"column":4},"end":{"line":8,"column":25}},"5":{"start":{"line":12,"column":0},"end":{"line":12,"column":18}},"6":{"start":{"line":14,"column":15},"end":{"line":24,"column":4}},"7":{"start":{"line":15,"column":4},"end":{"line":23,"column":5}},"8":{"start":{"line":16,"column":6},"end":{"line":16,"column":38}},"9":{"start":{"line":17,"column":11},"end":{"line":23,"column":5}},"10":{"start":{"line":18,"column":6},"end":{"line":18,"column":38}},"11":{"start":{"line":19,"column":11},"end":{"line":23,"column":5}},"12":{"start":{"line":20,"column":6},"end":{"line":20,"column":62}},"13":{"start":{"line":22,"column":6},"end":{"line":22,"column":38}},"14":{"start":{"line":26,"column":2},"end":{"line":26,"column":27}}},"fnMap":{"0":{"name":"compareFiles","decl":{"start":{"line":1,"column":24},"end":{"line":1,"column":36}},"loc":{"start":{"line":1,"column":49},"end":{"line":28,"column":1}},"line":1},"1":{"name":"(anonymous_1)","decl":{"start":{"line":14,"column":30},"end":{"line":14,"column":31}},"loc":{"start":{"line":14,"column":37},"end":{"line":24,"column":3}},"line":14}},"branchMap":{"0":{"loc":{"start":{"line":7,"column":2},"end":{"line":9,"column":3}},"type":"if","locations":[{"start":{"line":7,"column":2},"end":{"line":9,"column":3}},{"start":{},"end":{}}],"line":7},"1":{"loc":{"start":{"line":15,"column":4},"end":{"line":23,"column":5}},"type":"if","locations":[{"start":{"line":15,"column":4},"end":{"line":23,"column":5}},{"start":{"line":17,"column":11},"end":{"line":23,"column":5}}],"line":15},"2":{"loc":{"start":{"line":17,"column":11},"end":{"line":23,"column":5}},"type":"if","locations":[{"start":{"line":17,"column":11},"end":{"line":23,"column":5}},{"start":{"line":19,"column":11},"end":{"line":23,"column":5}}],"line":17},"3":{"loc":{"start":{"line":19,"column":11},"end":{"line":23,"column":5}},"type":"if","locations":[{"start":{"line":19,"column":11},"end":{"line":23,"column":5}},{"start":{"line":21,"column":11},"end":{"line":23,"column":5}}],"line":19}},"s":{"0":3,"1":3,"2":3,"3":15,"4":9,"5":3,"6":3,"7":9,"8":1,"9":8,"10":2,"11":6,"12":2,"13":4,"14":3},"f":{"0":3,"1":9},"b":{"0":[9,6],"1":[1,8],"2":[2,6],"3":[2,4]},"_coverageSchema":"1a1c01bbd47fc00a2c39e90264f33305004495a9","hash":"0a032e64e3d8c78303acf3669f189635cf3a6be6"}
,"/Users/red-edit/Developer/frontend-project-46/src/parse.js": {"path":"/Users/red-edit/Developer/frontend-project-46/src/parse.js","statementMap":{"0":{"start":{"line":4,"column":20},"end":{"line":4,"column":45}},"1":{"start":{"line":6,"column":2},"end":{"line":10,"column":3}},"2":{"start":{"line":7,"column":4},"end":{"line":7,"column":32}},"3":{"start":{"line":8,"column":9},"end":{"line":10,"column":3}},"4":{"start":{"line":9,"column":4},"end":{"line":9,"column":31}}},"fnMap":{"0":{"name":"parseFile","decl":{"start":{"line":3,"column":24},"end":{"line":3,"column":33}},"loc":{"start":{"line":3,"column":54},"end":{"line":11,"column":1}},"line":3}},"branchMap":{"0":{"loc":{"start":{"line":6,"column":2},"end":{"line":10,"column":3}},"type":"if","locations":[{"start":{"line":6,"column":2},"end":{"line":10,"column":3}},{"start":{"line":8,"column":9},"end":{"line":10,"column":3}}],"line":6},"1":{"loc":{"start":{"line":8,"column":9},"end":{"line":10,"column":3}},"type":"if","locations":[{"start":{"line":8,"column":9},"end":{"line":10,"column":3}},{"start":{},"end":{}}],"line":8},"2":{"loc":{"start":{"line":8,"column":13},"end":{"line":8,"column":56}},"type":"binary-expr","locations":[{"start":{"line":8,"column":13},"end":{"line":8,"column":33}},{"start":{"line":8,"column":37},"end":{"line":8,"column":56}}],"line":8}},"s":{"0":2,"1":2,"2":1,"3":1,"4":1},"f":{"0":2},"b":{"0":[1,1],"1":[1,0],"2":[1,1]},"_coverageSchema":"1a1c01bbd47fc00a2c39e90264f33305004495a9","hash":"858ef95e3d6c175f459c84a77cf344796ebb0c23"}
}
