TN:
SF:src/compareFiles.js
FN:1,compareFiles
FN:14,(anonymous_1)
FNF:2
FNH:2
FNDA:3,compareFiles
FNDA:9,(anonymous_1)
DA:3,3
DA:5,3
DA:6,3
DA:7,15
DA:8,9
DA:12,3
DA:14,3
DA:15,9
DA:16,1
DA:17,8
DA:18,2
DA:19,6
DA:20,2
DA:22,4
DA:26,3
LF:15
LH:15
BRDA:7,0,0,9
BRDA:7,0,1,6
BRDA:15,1,0,1
BRDA:15,1,1,8
BRDA:17,2,0,2
BRDA:17,2,1,6
BRDA:19,3,0,2
BRDA:19,3,1,4
BRF:8
BRH:8
end_of_record
TN:
SF:src/parse.js
FN:3,parseFile
FNF:1
FNH:1
FNDA:2,parseFile
DA:4,2
DA:6,2
DA:7,1
DA:8,1
DA:9,1
LF:5
LH:5
BRDA:6,0,0,1
BRDA:6,0,1,1
BRDA:8,1,0,1
BRDA:8,1,1,0
BRDA:8,2,0,1
BRDA:8,2,1,1
BRF:6
BRH:5
end_of_record
