TN:
SF:src/compareFiles.js
FN:1,compareFiles
FN:5,(anonymous_1)
FN:13,(anonymous_2)
FNF:3
FNH:3
FNDA:3,compareFiles
FNDA:15,(anonymous_1)
FNDA:9,(anonymous_2)
DA:2,3
DA:4,3
DA:5,3
DA:6,15
DA:7,9
DA:11,3
DA:13,3
DA:14,9
DA:15,1
DA:17,8
DA:18,2
DA:20,6
DA:21,2
DA:23,4
DA:26,3
LF:15
LH:15
BRDA:6,0,0,9
BRDA:6,0,1,6
BRDA:14,1,0,1
BRDA:14,1,1,8
BRDA:17,2,0,2
BRDA:17,2,1,6
BRDA:20,3,0,2
BRDA:20,3,1,4
BRF:8
BRH:8
end_of_record
TN:
SF:src/parse.js
FN:3,parseFile
FNF:1
FNH:1
FNDA:2,parseFile
DA:4,2
DA:6,2
DA:7,1
DA:8,1
DA:9,1
DA:12,0
LF:6
LH:5
BRDA:6,0,0,1
BRDA:6,0,1,1
BRDA:8,1,0,1
BRDA:8,1,1,0
BRDA:8,2,0,1
BRDA:8,2,1,1
BRF:6
BRH:5
end_of_record
